<?xml version="1.0" encoding="UTF-8"?>
<!-- Generated by org.testng.reporters.JUnitReportReporter -->
<testsuite skipped="0" hostname="IXIA-DO-0002" name="Test.TestFramework.App" tests="1" failures="0" timestamp="19 Jun 2018 06:11:33 GMT" time="42.184" errors="0">
  <testcase name="test" time="42.184" classname="Test.TestFramework.App"/>
</testsuite> <!-- Test.TestFramework.App -->
